<?xml version="1.0" encoding="UTF-8"?>
<testsuite xmlns:xsi="http://www.w3.org/2001/XMLSchema-instance" xsi:noNamespaceSchemaLocation="https://maven.apache.org/surefire/maven-surefire-plugin/xsd/surefire-test-report-3.0.xsd" version="3.0" name="com.buildconnect.BuildConnectApplicationTests" time="3.732" tests="1" errors="0" skipped="0" failures="0">
  <properties>
[...]
</properties>
  <testcase name="testRegisterLoginAndCreateProject" classname="com.buildconnect.BuildConnectApplicationTests" time="0.741">
    <system-out><![CDATA[14:09:18.789 [main] INFO org.springframework.test.context.support.AnnotationConfigContextLoaderUtils -- Could not detect default configuration classes for test class [com.buildconnect.BuildConnectApplicationTests]: BuildConnectApplicationTests does not declare any static, non-private, non-final, nested classes annotated with @Configuration.
14:09:18.852 [main] INFO org.springframework.boot.test.context.SpringBootTestContextBootstrapper -- Found @SpringBootConfiguration com.buildconnect.BuildConnectApplication for test class com.buildconnect.BuildConnectApplicationTests

  .   ____          _            __ _ _
 /\\ / ___'_ __ _ _(_)_ __  __ _ \ \ \ \
( ( )\___ | '_ | '_| | '_ \/ _` | \ \ \ \
 \\/  ___)| |_)| | | | | || (_| |  ) ) ) )
  '  |____| .__|_| |_|_| |_\__, | / / / /
 =========|_|==============|___/=/_/_/_/
 :: Spring Boot ::                (v3.2.1)

2026-01-15T14:09:19.048-03:00  INFO 36545 --- [buildconnect-backend] [           main] c.b.BuildConnectApplicationTests         : Starting BuildConnectApplicationTests using Java 21.0.2 with PID 36545 (started by viniciusaraujo in /Users/viniciusaraujo/Desktop/realestate-marketplace)
2026-01-15T14:09:19.049-03:00  INFO 36545 --- [buildconnect-backend] [           main] c.b.BuildConnectApplicationTests         : The following 1 profile is active: "test"
2026-01-15T14:09:19.426-03:00  INFO 36545 --- [buildconnect-backend] [           main] .s.d.r.c.RepositoryConfigurationDelegate : Bootstrapping Spring Data JPA repositories in DEFAULT mode.
2026-01-15T14:09:19.462-03:00  INFO 36545 --- [buildconnect-backend] [           main] .s.d.r.c.RepositoryConfigurationDelegate : Finished Spring Data repository scanning in 32 ms. Found 7 JPA repository interfaces.
2026-01-15T14:09:19.770-03:00  INFO 36545 --- [buildconnect-backend] [           main] o.s.b.w.embedded.tomcat.TomcatWebServer  : Tomcat initialized with port 0 (http)
2026-01-15T14:09:19.779-03:00  INFO 36545 --- [buildconnect-backend] [           main] o.apache.catalina.core.StandardService   : Starting service [Tomcat]
2026-01-15T14:09:19.780-03:00  INFO 36545 --- [buildconnect-backend] [           main] o.apache.catalina.core.StandardEngine    : Starting Servlet engine: [Apache Tomcat/10.1.17]
2026-01-15T14:09:19.805-03:00  INFO 36545 --- [buildconnect-backend] [           main] o.a.c.c.C.[Tomcat].[localhost].[/]       : Initializing Spring embedded WebApplicationContext
2026-01-15T14:09:19.806-03:00  INFO 36545 --- [buildconnect-backend] [           main] w.s.c.ServletWebServerApplicationContext : Root WebApplicationContext: initialization completed in 750 ms
2026-01-15T14:09:19.873-03:00  INFO 36545 --- [buildconnect-backend] [           main] o.hibernate.jpa.internal.util.LogHelper  : HHH000204: Processing PersistenceUnitInfo [name: default]
2026-01-15T14:09:19.898-03:00  INFO 36545 --- [buildconnect-backend] [           main] org.hibernate.Version                    : HHH000412: Hibernate ORM core version 6.4.1.Final
2026-01-15T14:09:19.914-03:00  INFO 36545 --- [buildconnect-backend] [           main] o.h.c.internal.RegionFactoryInitiator    : HHH000026: Second-level cache disabled
2026-01-15T14:09:20.021-03:00  INFO 36545 --- [buildconnect-backend] [           main] o.s.o.j.p.SpringPersistenceUnitInfo      : No LoadTimeWeaver setup: ignoring JPA class transformer
2026-01-15T14:09:20.034-03:00  INFO 36545 --- [buildconnect-backend] [           main] com.zaxxer.hikari.HikariDataSource       : HikariPool-1 - Starting...
2026-01-15T14:09:20.130-03:00  INFO 36545 --- [buildconnect-backend] [           main] com.zaxxer.hikari.pool.HikariPool        : HikariPool-1 - Added connection conn0: url=jdbc:h2:mem:testdb user=SA
2026-01-15T14:09:20.130-03:00  INFO 36545 --- [buildconnect-backend] [           main] com.zaxxer.hikari.HikariDataSource       : HikariPool-1 - Start completed.
2026-01-15T14:09:20.142-03:00  WARN 36545 --- [buildconnect-backend] [           main] org.hibernate.dialect.Dialect            : HHH000511: The 2.2.0 version for [org.hibernate.dialect.PostgreSQLDialect] is no longer supported, hence certain features may not work properly. The minimum supported version is 12.0.0. Check the community dialects project for available legacy versions.
2026-01-15T14:09:20.145-03:00  WARN 36545 --- [buildconnect-backend] [           main] org.hibernate.orm.deprecation            : HHH90000025: PostgreSQLDialect does not need to be specified explicitly using 'hibernate.dialect' (remove the property setting and it will be selected by default)
2026-01-15T14:09:20.631-03:00  INFO 36545 --- [buildconnect-backend] [           main] o.h.e.t.j.p.i.JtaPlatformInitiator       : HHH000489: No JTA platform available (set 'hibernate.transaction.jta.platform' to enable JTA platform integration)
2026-01-15T14:09:20.661-03:00  INFO 36545 --- [buildconnect-backend] [           main] j.LocalContainerEntityManagerFactoryBean : Initialized JPA EntityManagerFactory for persistence unit 'default'
2026-01-15T14:09:20.881-03:00  INFO 36545 --- [buildconnect-backend] [           main] o.s.d.j.r.query.QueryEnhancerFactory     : Hibernate is in classpath; If applicable, HQL parser will be used.
2026-01-15T14:09:21.355-03:00  WARN 36545 --- [buildconnect-backend] [           main] JpaBaseConfiguration$JpaWebConfiguration : spring.jpa.open-in-view is enabled by default. Therefore, database queries may be performed during view rendering. Explicitly configure spring.jpa.open-in-view to disable this warning
2026-01-15T14:09:21.520-03:00  INFO 36545 --- [buildconnect-backend] [           main] o.s.s.web.DefaultSecurityFilterChain     : Will secure any request with [org.springframework.security.web.session.DisableEncodeUrlFilter@3fdb9c55, org.springframework.security.web.context.request.async.WebAsyncManagerIntegrationFilter@1f619466, org.springframework.security.web.context.SecurityContextHolderFilter@e071deb, org.springframework.security.web.header.HeaderWriterFilter@5d7d2cb5, org.springframework.web.filter.CorsFilter@648ebda1, org.springframework.security.web.authentication.logout.LogoutFilter@60c588cf, com.buildconnect.security.JwtAuthenticationFilter@5bdef8ee, org.springframework.security.web.savedrequest.RequestCacheAwareFilter@573d3ec6, org.springframework.security.web.servletapi.SecurityContextHolderAwareRequestFilter@84398a, org.springframework.security.web.authentication.AnonymousAuthenticationFilter@12008a54, org.springframework.security.web.session.SessionManagementFilter@b43db07, org.springframework.security.web.access.ExceptionTranslationFilter@288be91b, org.springframework.security.web.access.intercept.AuthorizationFilter@23707d5d]
2026-01-15T14:09:21.687-03:00  INFO 36545 --- [buildconnect-backend] [           main] o.s.b.w.embedded.tomcat.TomcatWebServer  : Tomcat started on port 51501 (http) with context path ''
2026-01-15T14:09:21.693-03:00  INFO 36545 --- [buildconnect-backend] [           main] c.b.BuildConnectApplicationTests         : Started BuildConnectApplicationTests in 2.782 seconds (process running for 3.257)
2026-01-15T14:09:22.089-03:00  INFO 36545 --- [buildconnect-backend] [o-auto-1-exec-1] o.a.c.c.C.[Tomcat].[localhost].[/]       : Initializing Spring DispatcherServlet 'dispatcherServlet'
2026-01-15T14:09:22.089-03:00  INFO 36545 --- [buildconnect-backend] [o-auto-1-exec-1] o.s.web.servlet.DispatcherServlet        : Initializing Servlet 'dispatcherServlet'
2026-01-15T14:09:22.089-03:00  INFO 36545 --- [buildconnect-backend] [o-auto-1-exec-1] o.s.web.servlet.DispatcherServlet        : Completed initialization in 0 ms
]]></system-out>
    <system-err><![CDATA[WARNING: A Java agent has been loaded dynamically (/Users/viniciusaraujo/.m2/repository/net/bytebuddy/byte-buddy-agent/1.14.10/byte-buddy-agent-1.14.10.jar)
WARNING: If a serviceability tool is in use, please run with -XX:+EnableDynamicAgentLoading to hide this warning
WARNING: If a serviceability tool is not in use, please run with -Djdk.instrument.traceUsage for more information
WARNING: Dynamic loading of agents will be disallowed by default in a future release
]]></system-err>
  </testcase>
</testsuite>